{"obj": {"type": "AssignString", "path": ["sys", "name"], "value": "Untitled"}, "version": 1}
{"obj": {"type": "AssignString", "path": ["sys", "description"], "value": ""}, "version": 2}
{"obj": {"type": "AssignString", "path": ["sys", "hostname"], "value": "TL-WA850RE"}, "version": 3}
{"obj": {"type": "AddStrings", "path": ["sys", "tags"], "values": ["waifu-pilot"]}, "version": 4}
{"obj": {"type": "AssignBool", "path": ["sys", "failed"], "value": false}, "version": 5}
{"obj": {"type": "ClearStringLog", "path": ["monitoring", "stdout"]}, "version": 6}
{"obj": {"type": "ClearStringLog", "path": ["monitoring", "stderr"]}, "version": 7}
{"obj": {"type": "AssignString", "path": ["source_code", "entrypoint"], "value": "train.py"}, "version": 8}
{"obj": {"type": "UploadFileSet", "path": ["source_code", "files"], "file_globs": ["/Users/gregruyoga/DataspellProjects/waifu/waifu/lightning/experiments/train.py"], "reset": "False"}, "version": 9}
{"obj": {"type": "ConfigFloatSeries", "path": ["monitoring", "cpu"], "min": 0.0, "max": 100.0, "unit": "%"}, "version": 10}
{"obj": {"type": "ClearFloatLog", "path": ["monitoring", "cpu"]}, "version": 11}
{"obj": {"type": "ConfigFloatSeries", "path": ["monitoring", "memory"], "min": 0.0, "max": 8.0, "unit": "GB"}, "version": 12}
{"obj": {"type": "ClearFloatLog", "path": ["monitoring", "memory"]}, "version": 13}
{"obj": {"type": "LogFloats", "path": ["monitoring", "cpu"], "values": [{"value": 21.7, "step": null, "ts": 1634481502.838176}]}, "version": 14}
{"obj": {"type": "LogFloats", "path": ["monitoring", "memory"], "values": [{"value": 7.635387420654297, "step": null, "ts": 1634481502.838176}]}, "version": 15}
{"obj": {"type": "LogStrings", "path": ["monitoring", "stdout"], "values": [{"value": "", "step": null, "ts": 1634481502.840357}]}, "version": 16}
{"obj": {"type": "LogStrings", "path": ["monitoring", "stdout"], "values": [{"value": "https://app.neptune.ai/greggyfromtheblock/waif/e/WAIFU-1\n", "step": null, "ts": 1634481502.840462}]}, "version": 17}
{"obj": {"type": "AssignString", "path": ["source_code", "integrations", "neptune-pytorch-lightning"], "value": "0.9.7"}, "version": 18}
{"obj": {"type": "AssignString", "path": ["parameters", "discriminator"], "value": "Discriminator(\n  (mlp): Sequential(\n    (0): Conv2d(30, 64, kernel_size=(4, 4), stride=(2, 2), padding=(1, 1), bias=False)\n    (1): SiLU()\n    (2): Conv2d(64, 128, kernel_size=(4, 4), stride=(2, 2), padding=(1, 1), bias=False)\n    (3): BatchNorm2d(128, eps=1e-05, momentum=0.1, affine=True, track_running_stats=True)\n    (4): SiLU()\n    (5): Conv2d(128, 256, kernel_size=(4, 4), stride=(2, 2), padding=(1, 1), bias=False)\n    (6): BatchNorm2d(256, eps=1e-05, momentum=0.1, affine=True, track_running_stats=True)\n    (7): SiLU()\n    (8): Conv2d(256, 512, kernel_size=(4, 4), stride=(2, 2), padding=(1, 1), bias=False)\n    (9): BatchNorm2d(512, eps=1e-05, momentum=0.1, affine=True, track_running_stats=True)\n    (10): SiLU()\n    (11): Conv2d(512, 1, kernel_size=(4, 4), stride=(1, 1), bias=False)\n    (12): Sigmoid()\n  )\n)"}, "version": 19}
{"obj": {"type": "AssignString", "path": ["parameters", "generator"], "value": "Generator(\n  (net): Sequential(\n    (0): ConvTranspose2d(64, 512, kernel_size=(4, 4), stride=(1, 1))\n    (1): BatchNorm2d(512, eps=1e-05, momentum=0.1, affine=True, track_running_stats=True)\n    (2): SiLU(inplace=True)\n    (3): ConvTranspose2d(512, 256, kernel_size=(4, 4), stride=(2, 2), padding=(1, 1))\n    (4): BatchNorm2d(256, eps=1e-05, momentum=0.1, affine=True, track_running_stats=True)\n    (5): SiLU(inplace=True)\n    (6): ConvTranspose2d(256, 128, kernel_size=(4, 4), stride=(2, 2), padding=(1, 1))\n    (7): BatchNorm2d(128, eps=1e-05, momentum=0.1, affine=True, track_running_stats=True)\n    (8): SiLU(inplace=True)\n    (9): ConvTranspose2d(128, 64, kernel_size=(4, 4), stride=(2, 2), padding=(1, 1))\n    (10): BatchNorm2d(64, eps=1e-05, momentum=0.1, affine=True, track_running_stats=True)\n    (11): SiLU(inplace=True)\n    (12): ConvTranspose2d(128, 3, kernel_size=(4, 4), stride=(2, 2), padding=(1, 1))\n    (13): Sigmoid()\n  )\n)"}, "version": 20}
{"obj": {"type": "AssignFloat", "path": ["parameters", "optimizer_kwargs", "lr"], "value": 0.0001}, "version": 21}
{"obj": {"type": "AssignFloat", "path": ["parameters", "optimizer_kwargs", "beta1"], "value": 0.999}, "version": 22}
{"obj": {"type": "AssignFloat", "path": ["parameters", "optimizer_kwargs", "beta2"], "value": 0.999}, "version": 23}
{"obj": {"type": "LogStrings", "path": ["monitoring", "stderr"], "values": [{"value": "Error executing job with overrides: []\n", "step": null, "ts": 1634481502.8447309}]}, "version": 24}
{"obj": {"type": "LogStrings", "path": ["monitoring", "stderr"], "values": [{"value": "Traceback (most recent call last):\n", "step": null, "ts": 1634481503.074765}]}, "version": 25}
{"obj": {"type": "LogStrings", "path": ["monitoring", "stderr"], "values": [{"value": "", "step": null, "ts": 1634481503.074873}]}, "version": 26}
{"obj": {"type": "LogStrings", "path": ["monitoring", "stderr"], "values": [{"value": "  File \"/Users/gregruyoga/DataspellProjects/waifu/waifu/lightning/experiments/train.py\", line 75, in main\n    return train(FLAGS)\n", "step": null, "ts": 1634481503.074966}]}, "version": 27}
{"obj": {"type": "LogStrings", "path": ["monitoring", "stderr"], "values": [{"value": "", "step": null, "ts": 1634481503.0750132}]}, "version": 28}
{"obj": {"type": "LogStrings", "path": ["monitoring", "stderr"], "values": [{"value": "  File \"/Users/gregruyoga/DataspellProjects/waifu/waifu/lightning/experiments/train.py\", line 67, in train\n    trainer.fit(task, datamodule)\n", "step": null, "ts": 1634481503.075053}]}, "version": 29}
{"obj": {"type": "LogStrings", "path": ["monitoring", "stderr"], "values": [{"value": "", "step": null, "ts": 1634481503.07509}]}, "version": 30}
{"obj": {"type": "LogStrings", "path": ["monitoring", "stderr"], "values": [{"value": "  File \"/Users/gregruyoga/opt/miniconda3/envs/waifu/lib/python3.9/site-packages/pytorch_lightning/trainer/trainer.py\", line 552, in fit\n    self._run(model)\n", "step": null, "ts": 1634481503.0751302}]}, "version": 31}
{"obj": {"type": "LogStrings", "path": ["monitoring", "stderr"], "values": [{"value": "", "step": null, "ts": 1634481503.075166}]}, "version": 32}
{"obj": {"type": "LogStrings", "path": ["monitoring", "stderr"], "values": [{"value": "  File \"/Users/gregruyoga/opt/miniconda3/envs/waifu/lib/python3.9/site-packages/pytorch_lightning/trainer/trainer.py\", line 922, in _run\n    self._dispatch()\n", "step": null, "ts": 1634481503.0752058}]}, "version": 33}
{"obj": {"type": "LogStrings", "path": ["monitoring", "stderr"], "values": [{"value": "", "step": null, "ts": 1634481503.075242}]}, "version": 34}
{"obj": {"type": "LogStrings", "path": ["monitoring", "stderr"], "values": [{"value": "  File \"/Users/gregruyoga/opt/miniconda3/envs/waifu/lib/python3.9/site-packages/pytorch_lightning/trainer/trainer.py\", line 990, in _dispatch\n    self.accelerator.start_training(self)\n", "step": null, "ts": 1634481503.0752819}]}, "version": 35}
{"obj": {"type": "LogStrings", "path": ["monitoring", "stderr"], "values": [{"value": "", "step": null, "ts": 1634481503.075318}]}, "version": 36}
{"obj": {"type": "LogStrings", "path": ["monitoring", "stderr"], "values": [{"value": "  File \"/Users/gregruyoga/opt/miniconda3/envs/waifu/lib/python3.9/site-packages/pytorch_lightning/accelerators/accelerator.py\", line 92, in start_training\n    self.training_type_plugin.start_training(trainer)\n", "step": null, "ts": 1634481503.0753548}]}, "version": 37}
{"obj": {"type": "LogStrings", "path": ["monitoring", "stderr"], "values": [{"value": "", "step": null, "ts": 1634481503.075392}]}, "version": 38}
{"obj": {"type": "LogStrings", "path": ["monitoring", "stderr"], "values": [{"value": "  File \"/Users/gregruyoga/opt/miniconda3/envs/waifu/lib/python3.9/site-packages/pytorch_lightning/plugins/training_type/training_type_plugin.py\", line 161, in start_training\n    self._results = trainer.run_stage()\n", "step": null, "ts": 1634481503.0754318}]}, "version": 39}
{"obj": {"type": "LogStrings", "path": ["monitoring", "stderr"], "values": [{"value": "", "step": null, "ts": 1634481503.075467}]}, "version": 40}
{"obj": {"type": "LogStrings", "path": ["monitoring", "stderr"], "values": [{"value": "  File \"/Users/gregruyoga/opt/miniconda3/envs/waifu/lib/python3.9/site-packages/pytorch_lightning/trainer/trainer.py\", line 1000, in run_stage\n    return self._run_train()\n", "step": null, "ts": 1634481503.0755079}]}, "version": 41}
{"obj": {"type": "LogStrings", "path": ["monitoring", "stderr"], "values": [{"value": "", "step": null, "ts": 1634481503.075545}]}, "version": 42}
{"obj": {"type": "LogStrings", "path": ["monitoring", "stderr"], "values": [{"value": "  File \"/Users/gregruyoga/opt/miniconda3/envs/waifu/lib/python3.9/site-packages/pytorch_lightning/trainer/trainer.py\", line 1030, in _run_train\n    self._pre_training_routine()\n", "step": null, "ts": 1634481503.0755851}]}, "version": 43}
{"obj": {"type": "LogStrings", "path": ["monitoring", "stderr"], "values": [{"value": "", "step": null, "ts": 1634481503.0756218}]}, "version": 44}
{"obj": {"type": "LogStrings", "path": ["monitoring", "stderr"], "values": [{"value": "  File \"/Users/gregruyoga/opt/miniconda3/envs/waifu/lib/python3.9/site-packages/pytorch_lightning/trainer/trainer.py\", line 1017, in _pre_training_routine\n    self.on_pretrain_routine_start()\n", "step": null, "ts": 1634481503.075688}]}, "version": 45}
{"obj": {"type": "LogStrings", "path": ["monitoring", "stderr"], "values": [{"value": "", "step": null, "ts": 1634481503.075725}]}, "version": 46}
{"obj": {"type": "LogStrings", "path": ["monitoring", "stderr"], "values": [{"value": "  File \"/Users/gregruyoga/opt/miniconda3/envs/waifu/lib/python3.9/site-packages/pytorch_lightning/trainer/callback_hook.py\", line 164, in on_pretrain_routine_start\n    callback.on_pretrain_routine_start(self, self.lightning_module)\n", "step": null, "ts": 1634481503.075763}]}, "version": 47}
{"obj": {"type": "LogStrings", "path": ["monitoring", "stderr"], "values": [{"value": "", "step": null, "ts": 1634481503.075802}]}, "version": 48}
{"obj": {"type": "LogStrings", "path": ["monitoring", "stderr"], "values": [{"value": "  File \"/Users/gregruyoga/opt/miniconda3/envs/waifu/lib/python3.9/site-packages/pytorch_lightning/callbacks/model_checkpoint.py\", line 256, in on_pretrain_routine_start\n    self.__resolve_ckpt_dir(trainer)\n", "step": null, "ts": 1634481503.0758421}]}, "version": 49}
{"obj": {"type": "LogStrings", "path": ["monitoring", "stderr"], "values": [{"value": "", "step": null, "ts": 1634481503.075878}]}, "version": 50}
{"obj": {"type": "LogStrings", "path": ["monitoring", "stderr"], "values": [{"value": "  File \"/Users/gregruyoga/opt/miniconda3/envs/waifu/lib/python3.9/site-packages/pytorch_lightning/callbacks/model_checkpoint.py\", line 676, in __resolve_ckpt_dir\n    self._fs.makedirs(self.dirpath, exist_ok=True)\n", "step": null, "ts": 1634481503.0759182}]}, "version": 51}
{"obj": {"type": "LogStrings", "path": ["monitoring", "stderr"], "values": [{"value": "", "step": null, "ts": 1634481503.075955}]}, "version": 52}
{"obj": {"type": "LogStrings", "path": ["monitoring", "stderr"], "values": [{"value": "  File \"/Users/gregruyoga/opt/miniconda3/envs/waifu/lib/python3.9/site-packages/fsspec/implementations/local.py\", line 47, in makedirs\n    os.makedirs(path, exist_ok=exist_ok)\n", "step": null, "ts": 1634481503.075994}]}, "version": 53}
{"obj": {"type": "LogStrings", "path": ["monitoring", "stderr"], "values": [{"value": "", "step": null, "ts": 1634481503.07603}]}, "version": 54}
{"obj": {"type": "LogStrings", "path": ["monitoring", "stderr"], "values": [{"value": "  File \"/Users/gregruyoga/opt/miniconda3/envs/waifu/lib/python3.9/os.py\", line 215, in makedirs\n    makedirs(head, exist_ok=exist_ok)\n", "step": null, "ts": 1634481503.076069}]}, "version": 55}
{"obj": {"type": "LogStrings", "path": ["monitoring", "stderr"], "values": [{"value": "", "step": null, "ts": 1634481503.076106}]}, "version": 56}
{"obj": {"type": "LogStrings", "path": ["monitoring", "stderr"], "values": [{"value": "  File \"/Users/gregruyoga/opt/miniconda3/envs/waifu/lib/python3.9/os.py\", line 215, in makedirs\n    makedirs(head, exist_ok=exist_ok)\n", "step": null, "ts": 1634481503.076143}]}, "version": 57}
{"obj": {"type": "LogStrings", "path": ["monitoring", "stderr"], "values": [{"value": "", "step": null, "ts": 1634481503.0761778}]}, "version": 58}
{"obj": {"type": "LogStrings", "path": ["monitoring", "stderr"], "values": [{"value": "  File \"/Users/gregruyoga/opt/miniconda3/envs/waifu/lib/python3.9/os.py\", line 215, in makedirs\n    makedirs(head, exist_ok=exist_ok)\n", "step": null, "ts": 1634481503.0762172}]}, "version": 59}
{"obj": {"type": "LogStrings", "path": ["monitoring", "stderr"], "values": [{"value": "", "step": null, "ts": 1634481503.076252}]}, "version": 60}
{"obj": {"type": "LogStrings", "path": ["monitoring", "stderr"], "values": [{"value": "  [Previous line repeated 6 more times]\n", "step": null, "ts": 1634481503.076291}]}, "version": 61}
{"obj": {"type": "LogStrings", "path": ["monitoring", "stderr"], "values": [{"value": "", "step": null, "ts": 1634481503.0763268}]}, "version": 62}
{"obj": {"type": "LogStrings", "path": ["monitoring", "stderr"], "values": [{"value": "  File \"/Users/gregruyoga/opt/miniconda3/envs/waifu/lib/python3.9/os.py\", line 225, in makedirs\n    mkdir(name, mode)\n", "step": null, "ts": 1634481503.0763662}]}, "version": 63}
{"obj": {"type": "LogStrings", "path": ["monitoring", "stderr"], "values": [{"value": "", "step": null, "ts": 1634481503.076401}]}, "version": 64}
{"obj": {"type": "LogStrings", "path": ["monitoring", "stderr"], "values": [{"value": "OSError: [Errno 30] Read-only file system: '/data'\n", "step": null, "ts": 1634481503.076444}]}, "version": 65}
{"obj": {"type": "LogStrings", "path": ["monitoring", "stderr"], "values": [{"value": "", "step": null, "ts": 1634481503.076479}]}, "version": 66}
{"obj": {"type": "LogStrings", "path": ["monitoring", "stderr"], "values": [{"value": "\nSet the environment variable HYDRA_FULL_ERROR=1 for a complete stack trace.\n", "step": null, "ts": 1634481503.076524}]}, "version": 67}
{"obj": {"type": "LogStrings", "path": ["monitoring", "stdout"], "values": [{"value": "Shutting down background jobs, please wait a moment...\n", "step": null, "ts": 1634481503.076888}]}, "version": 68}
