{"obj": {"type": "AssignString", "path": ["sys", "name"], "value": "Untitled"}, "version": 1}
{"obj": {"type": "AssignString", "path": ["sys", "description"], "value": ""}, "version": 2}
{"obj": {"type": "AssignString", "path": ["sys", "hostname"], "value": "TL-WA850RE"}, "version": 3}
{"obj": {"type": "AddStrings", "path": ["sys", "tags"], "values": ["waifu-pilot"]}, "version": 4}
{"obj": {"type": "AssignBool", "path": ["sys", "failed"], "value": false}, "version": 5}
{"obj": {"type": "ClearStringLog", "path": ["monitoring", "stdout"]}, "version": 6}
{"obj": {"type": "ClearStringLog", "path": ["monitoring", "stderr"]}, "version": 7}
{"obj": {"type": "AssignString", "path": ["source_code", "entrypoint"], "value": "train.py"}, "version": 8}
{"obj": {"type": "UploadFileSet", "path": ["source_code", "files"], "file_globs": ["/Users/gregruyoga/DataspellProjects/waifu/waifu/lightning/experiments/train.py"], "reset": "False"}, "version": 9}
{"obj": {"type": "ConfigFloatSeries", "path": ["monitoring", "cpu"], "min": 0.0, "max": 100.0, "unit": "%"}, "version": 10}
{"obj": {"type": "ClearFloatLog", "path": ["monitoring", "cpu"]}, "version": 11}
{"obj": {"type": "ConfigFloatSeries", "path": ["monitoring", "memory"], "min": 0.0, "max": 8.0, "unit": "GB"}, "version": 12}
{"obj": {"type": "ClearFloatLog", "path": ["monitoring", "memory"]}, "version": 13}
{"obj": {"type": "LogFloats", "path": ["monitoring", "cpu"], "values": [{"value": 22.5, "step": null, "ts": 1634738339.5854342}]}, "version": 14}
{"obj": {"type": "LogFloats", "path": ["monitoring", "memory"], "values": [{"value": 7.587272644042969, "step": null, "ts": 1634738339.5854342}]}, "version": 15}
{"obj": {"type": "LogStrings", "path": ["monitoring", "stdout"], "values": [{"value": "", "step": null, "ts": 1634738339.5869288}]}, "version": 16}
{"obj": {"type": "LogStrings", "path": ["monitoring", "stdout"], "values": [{"value": "https://app.neptune.ai/greggyfromtheblock/waif/e/WAIFU-16\n", "step": null, "ts": 1634738339.5872252}]}, "version": 17}
{"obj": {"type": "AssignString", "path": ["source_code", "integrations", "neptune-pytorch-lightning"], "value": "0.9.7"}, "version": 18}
{"obj": {"type": "AssignString", "path": ["parameters", "discriminator"], "value": "Discriminator(\n  (net): Sequential(\n    (0): Conv2d(30, 64, kernel_size=(4, 4), stride=(2, 2), padding=(1, 1), bias=False)\n    (1): SiLU()\n    (2): Conv2d(64, 128, kernel_size=(4, 4), stride=(2, 2), padding=(1, 1), bias=False)\n    (3): BatchNorm2d(128, eps=1e-05, momentum=0.1, affine=True, track_running_stats=True)\n    (4): SiLU()\n    (5): Conv2d(128, 256, kernel_size=(4, 4), stride=(2, 2), padding=(1, 1), bias=False)\n    (6): BatchNorm2d(256, eps=1e-05, momentum=0.1, affine=True, track_running_stats=True)\n    (7): SiLU()\n    (8): Conv2d(256, 512, kernel_size=(4, 4), stride=(2, 2), padding=(1, 1), bias=False)\n    (9): BatchNorm2d(512, eps=1e-05, momentum=0.1, affine=True, track_running_stats=True)\n    (10): SiLU()\n    (11): Conv2d(512, 1, kernel_size=(4, 4), stride=(1, 1), bias=False)\n    (12): Sigmoid()\n  )\n)"}, "version": 19}
{"obj": {"type": "AssignString", "path": ["parameters", "generator"], "value": "Generator(\n  (net): Sequential(\n    (0): ConvTranspose2d(64, 512, kernel_size=(4, 4), stride=(1, 1))\n    (1): BatchNorm2d(512, eps=1e-05, momentum=0.1, affine=True, track_running_stats=True)\n    (2): SiLU()\n    (3): ConvTranspose2d(512, 256, kernel_size=(4, 4), stride=(2, 2), padding=(1, 1))\n    (4): BatchNorm2d(256, eps=1e-05, momentum=0.1, affine=True, track_running_stats=True)\n    (5): SiLU()\n    (6): ConvTranspose2d(256, 128, kernel_size=(4, 4), stride=(2, 2), padding=(1, 1))\n    (7): BatchNorm2d(128, eps=1e-05, momentum=0.1, affine=True, track_running_stats=True)\n    (8): SiLU()\n    (9): ConvTranspose2d(128, 64, kernel_size=(4, 4), stride=(2, 2), padding=(1, 1))\n    (10): BatchNorm2d(64, eps=1e-05, momentum=0.1, affine=True, track_running_stats=True)\n    (11): SiLU()\n    (12): ConvTranspose2d(64, 3, kernel_size=(4, 4), stride=(2, 2), padding=(1, 1))\n    (13): Sigmoid()\n  )\n)"}, "version": 20}
{"obj": {"type": "AssignFloat", "path": ["parameters", "optimizer_kwargs", "lr"], "value": 0.0001}, "version": 21}
{"obj": {"type": "AssignFloat", "path": ["parameters", "optimizer_kwargs", "beta1"], "value": 0.999}, "version": 22}
{"obj": {"type": "AssignFloat", "path": ["parameters", "optimizer_kwargs", "beta2"], "value": 0.999}, "version": 23}
{"obj": {"type": "LogStrings", "path": ["monitoring", "stdout"], "values": [{"value": "\rTraining: -1it [00:00, ?it/s]", "step": null, "ts": 1634738339.6066492}]}, "version": 24}
{"obj": {"type": "LogStrings", "path": ["monitoring", "stdout"], "values": [{"value": "\rTraining:   0%|                                                                                     | 0/497 [00:00<00:00, 15827.56it/s]", "step": null, "ts": 1634738339.612639}]}, "version": 25}
{"obj": {"type": "LogStrings", "path": ["monitoring", "stdout"], "values": [{"value": "\rEpoch 0:   0%|                                                                                        | 0/497 [00:00<00:01, 414.62it/s]", "step": null, "ts": 1634738339.613033}]}, "version": 26}
{"obj": {"type": "LogStrings", "path": ["monitoring", "stdout"], "values": [{"value": "torch.Size([128, 3, 64, 64])", "step": null, "ts": 1634738348.3230562}]}, "version": 27}
{"obj": {"type": "LogStrings", "path": ["monitoring", "stdout"], "values": [{"value": "\n", "step": null, "ts": 1634738348.3236978}]}, "version": 28}
{"obj": {"type": "LogStrings", "path": ["monitoring", "stderr"], "values": [{"value": "Error executing job with overrides: []\n", "step": null, "ts": 1634738349.31186}]}, "version": 29}
{"obj": {"type": "LogStrings", "path": ["monitoring", "stderr"], "values": [{"value": "Traceback (most recent call last):\n", "step": null, "ts": 1634738349.588515}]}, "version": 30}
{"obj": {"type": "LogStrings", "path": ["monitoring", "stderr"], "values": [{"value": "", "step": null, "ts": 1634738349.588616}]}, "version": 31}
{"obj": {"type": "LogStrings", "path": ["monitoring", "stderr"], "values": [{"value": "  File \"/Users/gregruyoga/DataspellProjects/waifu/waifu/lightning/experiments/train.py\", line 75, in main\n    return train(FLAGS)\n", "step": null, "ts": 1634738349.588736}]}, "version": 32}
{"obj": {"type": "LogStrings", "path": ["monitoring", "stderr"], "values": [{"value": "", "step": null, "ts": 1634738349.5887911}]}, "version": 33}
{"obj": {"type": "LogStrings", "path": ["monitoring", "stderr"], "values": [{"value": "  File \"/Users/gregruyoga/DataspellProjects/waifu/waifu/lightning/experiments/train.py\", line 67, in train\n    trainer.fit(task, datamodule)\n", "step": null, "ts": 1634738349.5888371}]}, "version": 34}
{"obj": {"type": "LogStrings", "path": ["monitoring", "stderr"], "values": [{"value": "", "step": null, "ts": 1634738349.588885}]}, "version": 35}
{"obj": {"type": "LogStrings", "path": ["monitoring", "stderr"], "values": [{"value": "  File \"/Users/gregruyoga/opt/miniconda3/envs/waifu/lib/python3.9/site-packages/pytorch_lightning/trainer/trainer.py\", line 552, in fit\n    self._run(model)\n", "step": null, "ts": 1634738349.588925}]}, "version": 36}
{"obj": {"type": "LogStrings", "path": ["monitoring", "stderr"], "values": [{"value": "", "step": null, "ts": 1634738349.588963}]}, "version": 37}
{"obj": {"type": "LogStrings", "path": ["monitoring", "stderr"], "values": [{"value": "  File \"/Users/gregruyoga/opt/miniconda3/envs/waifu/lib/python3.9/site-packages/pytorch_lightning/trainer/trainer.py\", line 922, in _run\n    self._dispatch()\n", "step": null, "ts": 1634738349.589002}]}, "version": 38}
{"obj": {"type": "LogStrings", "path": ["monitoring", "stderr"], "values": [{"value": "", "step": null, "ts": 1634738349.5890381}]}, "version": 39}
{"obj": {"type": "LogStrings", "path": ["monitoring", "stderr"], "values": [{"value": "  File \"/Users/gregruyoga/opt/miniconda3/envs/waifu/lib/python3.9/site-packages/pytorch_lightning/trainer/trainer.py\", line 990, in _dispatch\n    self.accelerator.start_training(self)\n", "step": null, "ts": 1634738349.589076}]}, "version": 40}
{"obj": {"type": "LogStrings", "path": ["monitoring", "stderr"], "values": [{"value": "", "step": null, "ts": 1634738349.589112}]}, "version": 41}
{"obj": {"type": "LogStrings", "path": ["monitoring", "stderr"], "values": [{"value": "  File \"/Users/gregruyoga/opt/miniconda3/envs/waifu/lib/python3.9/site-packages/pytorch_lightning/accelerators/accelerator.py\", line 92, in start_training\n    self.training_type_plugin.start_training(trainer)\n", "step": null, "ts": 1634738349.58915}]}, "version": 42}
{"obj": {"type": "LogStrings", "path": ["monitoring", "stderr"], "values": [{"value": "", "step": null, "ts": 1634738349.589186}]}, "version": 43}
{"obj": {"type": "LogStrings", "path": ["monitoring", "stderr"], "values": [{"value": "  File \"/Users/gregruyoga/opt/miniconda3/envs/waifu/lib/python3.9/site-packages/pytorch_lightning/plugins/training_type/training_type_plugin.py\", line 161, in start_training\n    self._results = trainer.run_stage()\n", "step": null, "ts": 1634738349.5892239}]}, "version": 44}
{"obj": {"type": "LogStrings", "path": ["monitoring", "stderr"], "values": [{"value": "", "step": null, "ts": 1634738349.589259}]}, "version": 45}
{"obj": {"type": "LogStrings", "path": ["monitoring", "stderr"], "values": [{"value": "  File \"/Users/gregruyoga/opt/miniconda3/envs/waifu/lib/python3.9/site-packages/pytorch_lightning/trainer/trainer.py\", line 1000, in run_stage\n    return self._run_train()\n", "step": null, "ts": 1634738349.589311}]}, "version": 46}
{"obj": {"type": "LogStrings", "path": ["monitoring", "stderr"], "values": [{"value": "", "step": null, "ts": 1634738349.589346}]}, "version": 47}
{"obj": {"type": "LogStrings", "path": ["monitoring", "stderr"], "values": [{"value": "  File \"/Users/gregruyoga/opt/miniconda3/envs/waifu/lib/python3.9/site-packages/pytorch_lightning/trainer/trainer.py\", line 1049, in _run_train\n    self.fit_loop.run()\n", "step": null, "ts": 1634738349.5893881}]}, "version": 48}
{"obj": {"type": "LogStrings", "path": ["monitoring", "stderr"], "values": [{"value": "", "step": null, "ts": 1634738349.5894241}]}, "version": 49}
{"obj": {"type": "LogStrings", "path": ["monitoring", "stderr"], "values": [{"value": "  File \"/Users/gregruyoga/opt/miniconda3/envs/waifu/lib/python3.9/site-packages/pytorch_lightning/loops/base.py\", line 111, in run\n    self.advance(*args, **kwargs)\n", "step": null, "ts": 1634738349.589461}]}, "version": 50}
{"obj": {"type": "LogStrings", "path": ["monitoring", "stderr"], "values": [{"value": "", "step": null, "ts": 1634738349.589509}]}, "version": 51}
{"obj": {"type": "LogStrings", "path": ["monitoring", "stderr"], "values": [{"value": "  File \"/Users/gregruyoga/opt/miniconda3/envs/waifu/lib/python3.9/site-packages/pytorch_lightning/loops/fit_loop.py\", line 200, in advance\n    epoch_output = self.epoch_loop.run(train_dataloader)\n", "step": null, "ts": 1634738349.589547}]}, "version": 52}
{"obj": {"type": "LogStrings", "path": ["monitoring", "stderr"], "values": [{"value": "", "step": null, "ts": 1634738349.589582}]}, "version": 53}
{"obj": {"type": "LogStrings", "path": ["monitoring", "stderr"], "values": [{"value": "  File \"/Users/gregruyoga/opt/miniconda3/envs/waifu/lib/python3.9/site-packages/pytorch_lightning/loops/base.py\", line 111, in run\n    self.advance(*args, **kwargs)\n", "step": null, "ts": 1634738349.5896199}]}, "version": 54}
{"obj": {"type": "LogStrings", "path": ["monitoring", "stderr"], "values": [{"value": "", "step": null, "ts": 1634738349.589655}]}, "version": 55}
{"obj": {"type": "LogStrings", "path": ["monitoring", "stderr"], "values": [{"value": "  File \"/Users/gregruyoga/opt/miniconda3/envs/waifu/lib/python3.9/site-packages/pytorch_lightning/loops/epoch/training_epoch_loop.py\", line 130, in advance\n    batch_output = self.batch_loop.run(batch, self.iteration_count, self._dataloader_idx)\n", "step": null, "ts": 1634738349.589695}]}, "version": 56}
{"obj": {"type": "LogStrings", "path": ["monitoring", "stderr"], "values": [{"value": "", "step": null, "ts": 1634738349.5897322}]}, "version": 57}
{"obj": {"type": "LogStrings", "path": ["monitoring", "stderr"], "values": [{"value": "  File \"/Users/gregruyoga/opt/miniconda3/envs/waifu/lib/python3.9/site-packages/pytorch_lightning/loops/batch/training_batch_loop.py\", line 100, in run\n    super().run(batch, batch_idx, dataloader_idx)\n", "step": null, "ts": 1634738349.589772}]}, "version": 58}
{"obj": {"type": "LogStrings", "path": ["monitoring", "stderr"], "values": [{"value": "", "step": null, "ts": 1634738349.5898082}]}, "version": 59}
{"obj": {"type": "LogStrings", "path": ["monitoring", "stderr"], "values": [{"value": "  File \"/Users/gregruyoga/opt/miniconda3/envs/waifu/lib/python3.9/site-packages/pytorch_lightning/loops/base.py\", line 111, in run\n    self.advance(*args, **kwargs)\n", "step": null, "ts": 1634738349.589849}]}, "version": 60}
{"obj": {"type": "LogStrings", "path": ["monitoring", "stderr"], "values": [{"value": "", "step": null, "ts": 1634738349.5898838}]}, "version": 61}
{"obj": {"type": "LogStrings", "path": ["monitoring", "stderr"], "values": [{"value": "  File \"/Users/gregruyoga/opt/miniconda3/envs/waifu/lib/python3.9/site-packages/pytorch_lightning/loops/batch/training_batch_loop.py\", line 147, in advance\n    result = self._run_optimization(batch_idx, split_batch, opt_idx, optimizer)\n", "step": null, "ts": 1634738349.589922}]}, "version": 62}
{"obj": {"type": "LogStrings", "path": ["monitoring", "stderr"], "values": [{"value": "", "step": null, "ts": 1634738349.58998}]}, "version": 63}
{"obj": {"type": "LogStrings", "path": ["monitoring", "stderr"], "values": [{"value": "  File \"/Users/gregruyoga/opt/miniconda3/envs/waifu/lib/python3.9/site-packages/pytorch_lightning/loops/batch/training_batch_loop.py\", line 201, in _run_optimization\n    self._optimizer_step(optimizer, opt_idx, batch_idx, closure)\n", "step": null, "ts": 1634738349.5900202}]}, "version": 64}
{"obj": {"type": "LogStrings", "path": ["monitoring", "stderr"], "values": [{"value": "", "step": null, "ts": 1634738349.590056}]}, "version": 65}
{"obj": {"type": "LogStrings", "path": ["monitoring", "stderr"], "values": [{"value": "  File \"/Users/gregruyoga/opt/miniconda3/envs/waifu/lib/python3.9/site-packages/pytorch_lightning/loops/batch/training_batch_loop.py\", line 395, in _optimizer_step\n    model_ref.optimizer_step(\n", "step": null, "ts": 1634738349.5901031}]}, "version": 66}
{"obj": {"type": "LogStrings", "path": ["monitoring", "stderr"], "values": [{"value": "", "step": null, "ts": 1634738349.5901382}]}, "version": 67}
{"obj": {"type": "LogStrings", "path": ["monitoring", "stderr"], "values": [{"value": "  File \"/Users/gregruyoga/opt/miniconda3/envs/waifu/lib/python3.9/site-packages/pytorch_lightning/core/lightning.py\", line 1616, in optimizer_step\n    optimizer.step(closure=optimizer_closure)\n", "step": null, "ts": 1634738349.590176}]}, "version": 68}
{"obj": {"type": "LogStrings", "path": ["monitoring", "stderr"], "values": [{"value": "", "step": null, "ts": 1634738349.5902112}]}, "version": 69}
{"obj": {"type": "LogStrings", "path": ["monitoring", "stderr"], "values": [{"value": "  File \"/Users/gregruyoga/opt/miniconda3/envs/waifu/lib/python3.9/site-packages/pytorch_lightning/core/optimizer.py\", line 206, in step\n    self.__optimizer_step(closure=closure, profiler_name=profiler_name, **kwargs)\n", "step": null, "ts": 1634738349.590249}]}, "version": 70}
{"obj": {"type": "LogStrings", "path": ["monitoring", "stderr"], "values": [{"value": "", "step": null, "ts": 1634738349.590284}]}, "version": 71}
{"obj": {"type": "LogStrings", "path": ["monitoring", "stderr"], "values": [{"value": "  File \"/Users/gregruyoga/opt/miniconda3/envs/waifu/lib/python3.9/site-packages/pytorch_lightning/core/optimizer.py\", line 128, in __optimizer_step\n    trainer.accelerator.optimizer_step(self._optimizer, self._optimizer_idx, lambda_closure=closure, **kwargs)\n", "step": null, "ts": 1634738349.590323}]}, "version": 72}
{"obj": {"type": "LogStrings", "path": ["monitoring", "stderr"], "values": [{"value": "", "step": null, "ts": 1634738349.590358}]}, "version": 73}
{"obj": {"type": "LogStrings", "path": ["monitoring", "stderr"], "values": [{"value": "  File \"/Users/gregruyoga/opt/miniconda3/envs/waifu/lib/python3.9/site-packages/pytorch_lightning/accelerators/accelerator.py\", line 296, in optimizer_step\n    self.run_optimizer_step(optimizer, opt_idx, lambda_closure, **kwargs)\n", "step": null, "ts": 1634738349.590395}]}, "version": 74}
{"obj": {"type": "LogStrings", "path": ["monitoring", "stderr"], "values": [{"value": "", "step": null, "ts": 1634738349.59043}]}, "version": 75}
{"obj": {"type": "LogStrings", "path": ["monitoring", "stderr"], "values": [{"value": "  File \"/Users/gregruyoga/opt/miniconda3/envs/waifu/lib/python3.9/site-packages/pytorch_lightning/accelerators/accelerator.py\", line 303, in run_optimizer_step\n    self.training_type_plugin.optimizer_step(optimizer, lambda_closure=lambda_closure, **kwargs)\n", "step": null, "ts": 1634738349.5904682}]}, "version": 76}
{"obj": {"type": "LogStrings", "path": ["monitoring", "stderr"], "values": [{"value": "", "step": null, "ts": 1634738349.590512}]}, "version": 77}
{"obj": {"type": "LogStrings", "path": ["monitoring", "stderr"], "values": [{"value": "  File \"/Users/gregruyoga/opt/miniconda3/envs/waifu/lib/python3.9/site-packages/pytorch_lightning/plugins/training_type/training_type_plugin.py\", line 226, in optimizer_step\n    optimizer.step(closure=lambda_closure, **kwargs)\n", "step": null, "ts": 1634738349.590549}]}, "version": 78}
{"obj": {"type": "LogStrings", "path": ["monitoring", "stderr"], "values": [{"value": "", "step": null, "ts": 1634738349.590584}]}, "version": 79}
{"obj": {"type": "LogStrings", "path": ["monitoring", "stderr"], "values": [{"value": "  File \"/Users/gregruyoga/opt/miniconda3/envs/waifu/lib/python3.9/site-packages/torch/optim/optimizer.py\", line 88, in wrapper\n    return func(*args, **kwargs)\n", "step": null, "ts": 1634738349.590621}]}, "version": 80}
{"obj": {"type": "LogStrings", "path": ["monitoring", "stderr"], "values": [{"value": "", "step": null, "ts": 1634738349.590656}]}, "version": 81}
{"obj": {"type": "LogStrings", "path": ["monitoring", "stderr"], "values": [{"value": "  File \"/Users/gregruyoga/opt/miniconda3/envs/waifu/lib/python3.9/site-packages/torch/autograd/grad_mode.py\", line 28, in decorate_context\n    return func(*args, **kwargs)\n", "step": null, "ts": 1634738349.5907042}]}, "version": 82}
{"obj": {"type": "LogStrings", "path": ["monitoring", "stderr"], "values": [{"value": "", "step": null, "ts": 1634738349.590739}]}, "version": 83}
{"obj": {"type": "LogStrings", "path": ["monitoring", "stderr"], "values": [{"value": "  File \"/Users/gregruyoga/opt/miniconda3/envs/waifu/lib/python3.9/site-packages/torch/optim/adam.py\", line 66, in step\n    loss = closure()\n", "step": null, "ts": 1634738349.5907788}]}, "version": 84}
{"obj": {"type": "LogStrings", "path": ["monitoring", "stderr"], "values": [{"value": "", "step": null, "ts": 1634738349.5908191}]}, "version": 85}
{"obj": {"type": "LogStrings", "path": ["monitoring", "stderr"], "values": [{"value": "  File \"/Users/gregruyoga/opt/miniconda3/envs/waifu/lib/python3.9/site-packages/pytorch_lightning/loops/batch/training_batch_loop.py\", line 235, in _training_step_and_backward_closure\n    result = self.training_step_and_backward(split_batch, batch_idx, opt_idx, optimizer, hiddens)\n", "step": null, "ts": 1634738349.590859}]}, "version": 86}
{"obj": {"type": "LogStrings", "path": ["monitoring", "stderr"], "values": [{"value": "", "step": null, "ts": 1634738349.5909061}]}, "version": 87}
{"obj": {"type": "LogStrings", "path": ["monitoring", "stderr"], "values": [{"value": "  File \"/Users/gregruyoga/opt/miniconda3/envs/waifu/lib/python3.9/site-packages/pytorch_lightning/loops/batch/training_batch_loop.py\", line 536, in training_step_and_backward\n    result = self._training_step(split_batch, batch_idx, opt_idx, hiddens)\n", "step": null, "ts": 1634738349.5909429}]}, "version": 88}
{"obj": {"type": "LogStrings", "path": ["monitoring", "stderr"], "values": [{"value": "", "step": null, "ts": 1634738349.5909781}]}, "version": 89}
{"obj": {"type": "LogStrings", "path": ["monitoring", "stderr"], "values": [{"value": "  File \"/Users/gregruyoga/opt/miniconda3/envs/waifu/lib/python3.9/site-packages/pytorch_lightning/loops/batch/training_batch_loop.py\", line 306, in _training_step\n    training_step_output = self.trainer.accelerator.training_step(step_kwargs)\n", "step": null, "ts": 1634738349.591016}]}, "version": 90}
{"obj": {"type": "LogStrings", "path": ["monitoring", "stderr"], "values": [{"value": "", "step": null, "ts": 1634738349.591052}]}, "version": 91}
{"obj": {"type": "LogStrings", "path": ["monitoring", "stderr"], "values": [{"value": "  File \"/Users/gregruyoga/opt/miniconda3/envs/waifu/lib/python3.9/site-packages/pytorch_lightning/accelerators/accelerator.py\", line 193, in training_step\n    return self.training_type_plugin.training_step(*step_kwargs.values())\n", "step": null, "ts": 1634738349.591095}]}, "version": 92}
{"obj": {"type": "LogStrings", "path": ["monitoring", "stderr"], "values": [{"value": "", "step": null, "ts": 1634738349.59113}]}, "version": 93}
{"obj": {"type": "LogStrings", "path": ["monitoring", "stderr"], "values": [{"value": "  File \"/Users/gregruyoga/opt/miniconda3/envs/waifu/lib/python3.9/site-packages/pytorch_lightning/plugins/training_type/training_type_plugin.py\", line 172, in training_step\n    return self.model.training_step(*args, **kwargs)\n", "step": null, "ts": 1634738349.591179}]}, "version": 94}
{"obj": {"type": "LogStrings", "path": ["monitoring", "stderr"], "values": [{"value": "", "step": null, "ts": 1634738349.5912151}]}, "version": 95}
{"obj": {"type": "LogStrings", "path": ["monitoring", "stderr"], "values": [{"value": "  File \"/Users/gregruyoga/DataspellProjects/waifu/waifu/lightning/source/tasks.py\", line 53, in training_step\n    self.logger.experiment['images'].upload('generated_images', File.as_image(sample_images))\n", "step": null, "ts": 1634738349.591257}]}, "version": 96}
{"obj": {"type": "LogStrings", "path": ["monitoring", "stderr"], "values": [{"value": "", "step": null, "ts": 1634738349.591292}]}, "version": 97}
{"obj": {"type": "LogStrings", "path": ["monitoring", "stderr"], "values": [{"value": "  File \"/Users/gregruyoga/opt/miniconda3/envs/waifu/lib/python3.9/site-packages/neptune/new/types/atoms/file.py\", line 163, in as_image\n    content_bytes = get_image_content(image)\n", "step": null, "ts": 1634738349.591329}]}, "version": 98}
{"obj": {"type": "LogStrings", "path": ["monitoring", "stderr"], "values": [{"value": "", "step": null, "ts": 1634738349.5913641}]}, "version": 99}
{"obj": {"type": "LogStrings", "path": ["monitoring", "stderr"], "values": [{"value": "  File \"/Users/gregruyoga/opt/miniconda3/envs/waifu/lib/python3.9/site-packages/neptune/new/internal/utils/images.py\", line 50, in get_image_content\n    content = _image_to_bytes(image)\n", "step": null, "ts": 1634738349.5914009}]}, "version": 100}
{"obj": {"type": "LogStrings", "path": ["monitoring", "stderr"], "values": [{"value": "", "step": null, "ts": 1634738349.59144}]}, "version": 101}
{"obj": {"type": "LogStrings", "path": ["monitoring", "stderr"], "values": [{"value": "  File \"/Users/gregruyoga/opt/miniconda3/envs/waifu/lib/python3.9/site-packages/neptune/new/internal/utils/images.py\", line 90, in _image_to_bytes\n    return _get_numpy_as_image(image.detach().numpy())\n", "step": null, "ts": 1634738349.59148}]}, "version": 102}
{"obj": {"type": "LogStrings", "path": ["monitoring", "stderr"], "values": [{"value": "", "step": null, "ts": 1634738349.59152}]}, "version": 103}
{"obj": {"type": "LogStrings", "path": ["monitoring", "stderr"], "values": [{"value": "  File \"/Users/gregruyoga/opt/miniconda3/envs/waifu/lib/python3.9/site-packages/neptune/new/internal/utils/images.py\", line 185, in _get_numpy_as_image\n    raise ValueError(\"Incorrect size of numpy.ndarray. Should be 2-dimensional or\"\n", "step": null, "ts": 1634738349.5915709}]}, "version": 104}
{"obj": {"type": "LogStrings", "path": ["monitoring", "stderr"], "values": [{"value": "", "step": null, "ts": 1634738349.591606}]}, "version": 105}
{"obj": {"type": "LogStrings", "path": ["monitoring", "stderr"], "values": [{"value": "ValueError: Incorrect size of numpy.ndarray. Should be 2-dimensional or3-dimensional with 3rd dimension of size 1, 3 or 4.\n", "step": null, "ts": 1634738349.5916522}]}, "version": 106}
{"obj": {"type": "LogStrings", "path": ["monitoring", "stderr"], "values": [{"value": "", "step": null, "ts": 1634738349.5916858}]}, "version": 107}
{"obj": {"type": "LogStrings", "path": ["monitoring", "stderr"], "values": [{"value": "\nSet the environment variable HYDRA_FULL_ERROR=1 for a complete stack trace.\n", "step": null, "ts": 1634738349.5917308}]}, "version": 108}
{"obj": {"type": "LogFloats", "path": ["monitoring", "cpu"], "values": [{"value": 28.3, "step": null, "ts": 1634738349.591788}]}, "version": 109}
{"obj": {"type": "LogStrings", "path": ["monitoring", "stdout"], "values": [{"value": "Shutting down background jobs, please wait a moment...\n", "step": null, "ts": 1634738349.59269}]}, "version": 110}
{"obj": {"type": "LogFloats", "path": ["monitoring", "memory"], "values": [{"value": 7.665309906005859, "step": null, "ts": 1634738349.591788}]}, "version": 111}
