{"obj": {"type": "AssignString", "path": ["sys", "name"], "value": "Untitled"}, "version": 1}
{"obj": {"type": "AssignString", "path": ["sys", "description"], "value": ""}, "version": 2}
{"obj": {"type": "AssignString", "path": ["sys", "hostname"], "value": "TL-WA850RE"}, "version": 3}
{"obj": {"type": "AddStrings", "path": ["sys", "tags"], "values": ["waifu-pilot"]}, "version": 4}
{"obj": {"type": "AssignBool", "path": ["sys", "failed"], "value": false}, "version": 5}
{"obj": {"type": "ClearStringLog", "path": ["monitoring", "stdout"]}, "version": 6}
{"obj": {"type": "ClearStringLog", "path": ["monitoring", "stderr"]}, "version": 7}
{"obj": {"type": "AssignString", "path": ["source_code", "entrypoint"], "value": "train.py"}, "version": 8}
{"obj": {"type": "UploadFileSet", "path": ["source_code", "files"], "file_globs": ["/Users/gregruyoga/DataspellProjects/waifu/waifu/lightning/experiments/train.py"], "reset": "False"}, "version": 9}
{"obj": {"type": "ConfigFloatSeries", "path": ["monitoring", "cpu"], "min": 0.0, "max": 100.0, "unit": "%"}, "version": 10}
{"obj": {"type": "ClearFloatLog", "path": ["monitoring", "cpu"]}, "version": 11}
{"obj": {"type": "ConfigFloatSeries", "path": ["monitoring", "memory"], "min": 0.0, "max": 8.0, "unit": "GB"}, "version": 12}
{"obj": {"type": "ClearFloatLog", "path": ["monitoring", "memory"]}, "version": 13}
{"obj": {"type": "LogFloats", "path": ["monitoring", "cpu"], "values": [{"value": 23.2, "step": null, "ts": 1634483986.9399061}]}, "version": 14}
{"obj": {"type": "LogFloats", "path": ["monitoring", "memory"], "values": [{"value": 7.603782653808594, "step": null, "ts": 1634483986.9399061}]}, "version": 15}
{"obj": {"type": "LogStrings", "path": ["monitoring", "stdout"], "values": [{"value": "", "step": null, "ts": 1634483986.941956}]}, "version": 16}
{"obj": {"type": "LogStrings", "path": ["monitoring", "stdout"], "values": [{"value": "https://app.neptune.ai/greggyfromtheblock/waif/e/WAIFU-6\n", "step": null, "ts": 1634483986.9420412}]}, "version": 17}
{"obj": {"type": "AssignString", "path": ["source_code", "integrations", "neptune-pytorch-lightning"], "value": "0.9.7"}, "version": 18}
{"obj": {"type": "AssignString", "path": ["parameters", "discriminator"], "value": "Discriminator(\n  (mlp): Sequential(\n    (0): Conv2d(30, 64, kernel_size=(4, 4), stride=(2, 2), padding=(1, 1), bias=False)\n    (1): SiLU()\n    (2): Conv2d(64, 128, kernel_size=(4, 4), stride=(2, 2), padding=(1, 1), bias=False)\n    (3): BatchNorm2d(128, eps=1e-05, momentum=0.1, affine=True, track_running_stats=True)\n    (4): SiLU()\n    (5): Conv2d(128, 256, kernel_size=(4, 4), stride=(2, 2), padding=(1, 1), bias=False)\n    (6): BatchNorm2d(256, eps=1e-05, momentum=0.1, affine=True, track_running_stats=True)\n    (7): SiLU()\n    (8): Conv2d(256, 512, kernel_size=(4, 4), stride=(2, 2), padding=(1, 1), bias=False)\n    (9): BatchNorm2d(512, eps=1e-05, momentum=0.1, affine=True, track_running_stats=True)\n    (10): SiLU()\n    (11): Conv2d(512, 1, kernel_size=(4, 4), stride=(1, 1), bias=False)\n    (12): Sigmoid()\n  )\n)"}, "version": 19}
{"obj": {"type": "AssignString", "path": ["parameters", "generator"], "value": "Generator(\n  (net): Sequential(\n    (0): ConvTranspose2d(64, 512, kernel_size=(4, 4), stride=(1, 1))\n    (1): BatchNorm2d(512, eps=1e-05, momentum=0.1, affine=True, track_running_stats=True)\n    (2): SiLU(inplace=True)\n    (3): ConvTranspose2d(512, 256, kernel_size=(4, 4), stride=(2, 2), padding=(1, 1))\n    (4): BatchNorm2d(256, eps=1e-05, momentum=0.1, affine=True, track_running_stats=True)\n    (5): SiLU(inplace=True)\n    (6): ConvTranspose2d(256, 128, kernel_size=(4, 4), stride=(2, 2), padding=(1, 1))\n    (7): BatchNorm2d(128, eps=1e-05, momentum=0.1, affine=True, track_running_stats=True)\n    (8): SiLU(inplace=True)\n    (9): ConvTranspose2d(128, 64, kernel_size=(4, 4), stride=(2, 2), padding=(1, 1))\n    (10): BatchNorm2d(64, eps=1e-05, momentum=0.1, affine=True, track_running_stats=True)\n    (11): SiLU(inplace=True)\n    (12): ConvTranspose2d(128, 3, kernel_size=(4, 4), stride=(2, 2), padding=(1, 1))\n    (13): Sigmoid()\n  )\n)"}, "version": 20}
{"obj": {"type": "AssignFloat", "path": ["parameters", "optimizer_kwargs", "lr"], "value": 0.0001}, "version": 21}
{"obj": {"type": "AssignFloat", "path": ["parameters", "optimizer_kwargs", "beta1"], "value": 0.999}, "version": 22}
{"obj": {"type": "AssignFloat", "path": ["parameters", "optimizer_kwargs", "beta2"], "value": 0.999}, "version": 23}
{"obj": {"type": "LogStrings", "path": ["monitoring", "stdout"], "values": [{"value": "\rTraining: -1it [00:00, ?it/s]", "step": null, "ts": 1634483986.96326}]}, "version": 24}
{"obj": {"type": "LogStrings", "path": ["monitoring", "stdout"], "values": [{"value": "\rTraining:   0%|                                                                                     | 0/497 [00:00<00:00, 11096.04it/s]", "step": null, "ts": 1634483986.965806}]}, "version": 25}
{"obj": {"type": "LogStrings", "path": ["monitoring", "stdout"], "values": [{"value": "\rEpoch 0:   0%|                                                                                       | 0/497 [00:00<00:00, 1165.41it/s]", "step": null, "ts": 1634483986.966369}]}, "version": 26}
{"obj": {"type": "LogStrings", "path": ["monitoring", "stderr"], "values": [{"value": "Error executing job with overrides: []\n", "step": null, "ts": 1634483995.001157}]}, "version": 27}
{"obj": {"type": "LogStrings", "path": ["monitoring", "stderr"], "values": [{"value": "Traceback (most recent call last):\n", "step": null, "ts": 1634483995.283169}]}, "version": 28}
{"obj": {"type": "LogStrings", "path": ["monitoring", "stderr"], "values": [{"value": "", "step": null, "ts": 1634483995.28328}]}, "version": 29}
{"obj": {"type": "LogStrings", "path": ["monitoring", "stderr"], "values": [{"value": "  File \"/Users/gregruyoga/DataspellProjects/waifu/waifu/lightning/experiments/train.py\", line 75, in main\n    return train(FLAGS)\n", "step": null, "ts": 1634483995.283384}]}, "version": 30}
{"obj": {"type": "LogStrings", "path": ["monitoring", "stderr"], "values": [{"value": "", "step": null, "ts": 1634483995.2834282}]}, "version": 31}
{"obj": {"type": "LogStrings", "path": ["monitoring", "stderr"], "values": [{"value": "  File \"/Users/gregruyoga/DataspellProjects/waifu/waifu/lightning/experiments/train.py\", line 67, in train\n    trainer.fit(task, datamodule)\n", "step": null, "ts": 1634483995.283471}]}, "version": 32}
{"obj": {"type": "LogStrings", "path": ["monitoring", "stderr"], "values": [{"value": "", "step": null, "ts": 1634483995.283508}]}, "version": 33}
{"obj": {"type": "LogStrings", "path": ["monitoring", "stderr"], "values": [{"value": "  File \"/Users/gregruyoga/opt/miniconda3/envs/waifu/lib/python3.9/site-packages/pytorch_lightning/trainer/trainer.py\", line 552, in fit\n    self._run(model)\n", "step": null, "ts": 1634483995.2835479}]}, "version": 34}
{"obj": {"type": "LogStrings", "path": ["monitoring", "stderr"], "values": [{"value": "", "step": null, "ts": 1634483995.283585}]}, "version": 35}
{"obj": {"type": "LogStrings", "path": ["monitoring", "stderr"], "values": [{"value": "  File \"/Users/gregruyoga/opt/miniconda3/envs/waifu/lib/python3.9/site-packages/pytorch_lightning/trainer/trainer.py\", line 922, in _run\n    self._dispatch()\n", "step": null, "ts": 1634483995.283623}]}, "version": 36}
{"obj": {"type": "LogStrings", "path": ["monitoring", "stderr"], "values": [{"value": "", "step": null, "ts": 1634483995.283659}]}, "version": 37}
{"obj": {"type": "LogStrings", "path": ["monitoring", "stderr"], "values": [{"value": "  File \"/Users/gregruyoga/opt/miniconda3/envs/waifu/lib/python3.9/site-packages/pytorch_lightning/trainer/trainer.py\", line 990, in _dispatch\n    self.accelerator.start_training(self)\n", "step": null, "ts": 1634483995.283697}]}, "version": 38}
{"obj": {"type": "LogStrings", "path": ["monitoring", "stderr"], "values": [{"value": "", "step": null, "ts": 1634483995.283732}]}, "version": 39}
{"obj": {"type": "LogStrings", "path": ["monitoring", "stderr"], "values": [{"value": "  File \"/Users/gregruyoga/opt/miniconda3/envs/waifu/lib/python3.9/site-packages/pytorch_lightning/accelerators/accelerator.py\", line 92, in start_training\n    self.training_type_plugin.start_training(trainer)\n", "step": null, "ts": 1634483995.28377}]}, "version": 40}
{"obj": {"type": "LogStrings", "path": ["monitoring", "stderr"], "values": [{"value": "", "step": null, "ts": 1634483995.283808}]}, "version": 41}
{"obj": {"type": "LogStrings", "path": ["monitoring", "stderr"], "values": [{"value": "  File \"/Users/gregruyoga/opt/miniconda3/envs/waifu/lib/python3.9/site-packages/pytorch_lightning/plugins/training_type/training_type_plugin.py\", line 161, in start_training\n    self._results = trainer.run_stage()\n", "step": null, "ts": 1634483995.2838469}]}, "version": 42}
{"obj": {"type": "LogStrings", "path": ["monitoring", "stderr"], "values": [{"value": "", "step": null, "ts": 1634483995.283882}]}, "version": 43}
{"obj": {"type": "LogStrings", "path": ["monitoring", "stderr"], "values": [{"value": "  File \"/Users/gregruyoga/opt/miniconda3/envs/waifu/lib/python3.9/site-packages/pytorch_lightning/trainer/trainer.py\", line 1000, in run_stage\n    return self._run_train()\n", "step": null, "ts": 1634483995.2839198}]}, "version": 44}
{"obj": {"type": "LogStrings", "path": ["monitoring", "stderr"], "values": [{"value": "", "step": null, "ts": 1634483995.283957}]}, "version": 45}
{"obj": {"type": "LogStrings", "path": ["monitoring", "stderr"], "values": [{"value": "  File \"/Users/gregruyoga/opt/miniconda3/envs/waifu/lib/python3.9/site-packages/pytorch_lightning/trainer/trainer.py\", line 1049, in _run_train\n    self.fit_loop.run()\n", "step": null, "ts": 1634483995.283995}]}, "version": 46}
{"obj": {"type": "LogStrings", "path": ["monitoring", "stderr"], "values": [{"value": "", "step": null, "ts": 1634483995.28403}]}, "version": 47}
{"obj": {"type": "LogStrings", "path": ["monitoring", "stderr"], "values": [{"value": "  File \"/Users/gregruyoga/opt/miniconda3/envs/waifu/lib/python3.9/site-packages/pytorch_lightning/loops/base.py\", line 111, in run\n    self.advance(*args, **kwargs)\n", "step": null, "ts": 1634483995.284069}]}, "version": 48}
{"obj": {"type": "LogStrings", "path": ["monitoring", "stderr"], "values": [{"value": "", "step": null, "ts": 1634483995.284103}]}, "version": 49}
{"obj": {"type": "LogStrings", "path": ["monitoring", "stderr"], "values": [{"value": "  File \"/Users/gregruyoga/opt/miniconda3/envs/waifu/lib/python3.9/site-packages/pytorch_lightning/loops/fit_loop.py\", line 200, in advance\n    epoch_output = self.epoch_loop.run(train_dataloader)\n", "step": null, "ts": 1634483995.284141}]}, "version": 50}
{"obj": {"type": "LogStrings", "path": ["monitoring", "stderr"], "values": [{"value": "", "step": null, "ts": 1634483995.2841759}]}, "version": 51}
{"obj": {"type": "LogStrings", "path": ["monitoring", "stderr"], "values": [{"value": "  File \"/Users/gregruyoga/opt/miniconda3/envs/waifu/lib/python3.9/site-packages/pytorch_lightning/loops/base.py\", line 111, in run\n    self.advance(*args, **kwargs)\n", "step": null, "ts": 1634483995.284214}]}, "version": 52}
{"obj": {"type": "LogStrings", "path": ["monitoring", "stderr"], "values": [{"value": "", "step": null, "ts": 1634483995.284249}]}, "version": 53}
{"obj": {"type": "LogStrings", "path": ["monitoring", "stderr"], "values": [{"value": "  File \"/Users/gregruyoga/opt/miniconda3/envs/waifu/lib/python3.9/site-packages/pytorch_lightning/loops/epoch/training_epoch_loop.py\", line 130, in advance\n    batch_output = self.batch_loop.run(batch, self.iteration_count, self._dataloader_idx)\n", "step": null, "ts": 1634483995.284287}]}, "version": 54}
{"obj": {"type": "LogStrings", "path": ["monitoring", "stderr"], "values": [{"value": "", "step": null, "ts": 1634483995.284322}]}, "version": 55}
{"obj": {"type": "LogStrings", "path": ["monitoring", "stderr"], "values": [{"value": "  File \"/Users/gregruyoga/opt/miniconda3/envs/waifu/lib/python3.9/site-packages/pytorch_lightning/loops/batch/training_batch_loop.py\", line 100, in run\n    super().run(batch, batch_idx, dataloader_idx)\n", "step": null, "ts": 1634483995.284362}]}, "version": 56}
{"obj": {"type": "LogStrings", "path": ["monitoring", "stderr"], "values": [{"value": "", "step": null, "ts": 1634483995.2843971}]}, "version": 57}
{"obj": {"type": "LogStrings", "path": ["monitoring", "stderr"], "values": [{"value": "  File \"/Users/gregruyoga/opt/miniconda3/envs/waifu/lib/python3.9/site-packages/pytorch_lightning/loops/base.py\", line 111, in run\n    self.advance(*args, **kwargs)\n", "step": null, "ts": 1634483995.284435}]}, "version": 58}
{"obj": {"type": "LogStrings", "path": ["monitoring", "stderr"], "values": [{"value": "", "step": null, "ts": 1634483995.284469}]}, "version": 59}
{"obj": {"type": "LogStrings", "path": ["monitoring", "stderr"], "values": [{"value": "  File \"/Users/gregruyoga/opt/miniconda3/envs/waifu/lib/python3.9/site-packages/pytorch_lightning/loops/batch/training_batch_loop.py\", line 147, in advance\n    result = self._run_optimization(batch_idx, split_batch, opt_idx, optimizer)\n", "step": null, "ts": 1634483995.28451}]}, "version": 60}
{"obj": {"type": "LogStrings", "path": ["monitoring", "stderr"], "values": [{"value": "", "step": null, "ts": 1634483995.2845461}]}, "version": 61}
{"obj": {"type": "LogStrings", "path": ["monitoring", "stderr"], "values": [{"value": "  File \"/Users/gregruyoga/opt/miniconda3/envs/waifu/lib/python3.9/site-packages/pytorch_lightning/loops/batch/training_batch_loop.py\", line 201, in _run_optimization\n    self._optimizer_step(optimizer, opt_idx, batch_idx, closure)\n", "step": null, "ts": 1634483995.2846038}]}, "version": 62}
{"obj": {"type": "LogStrings", "path": ["monitoring", "stderr"], "values": [{"value": "", "step": null, "ts": 1634483995.284639}]}, "version": 63}
{"obj": {"type": "LogStrings", "path": ["monitoring", "stderr"], "values": [{"value": "  File \"/Users/gregruyoga/opt/miniconda3/envs/waifu/lib/python3.9/site-packages/pytorch_lightning/loops/batch/training_batch_loop.py\", line 395, in _optimizer_step\n    model_ref.optimizer_step(\n", "step": null, "ts": 1634483995.28468}]}, "version": 64}
{"obj": {"type": "LogStrings", "path": ["monitoring", "stderr"], "values": [{"value": "", "step": null, "ts": 1634483995.284715}]}, "version": 65}
{"obj": {"type": "LogStrings", "path": ["monitoring", "stderr"], "values": [{"value": "  File \"/Users/gregruyoga/opt/miniconda3/envs/waifu/lib/python3.9/site-packages/pytorch_lightning/core/lightning.py\", line 1616, in optimizer_step\n    optimizer.step(closure=optimizer_closure)\n", "step": null, "ts": 1634483995.284756}]}, "version": 66}
{"obj": {"type": "LogStrings", "path": ["monitoring", "stderr"], "values": [{"value": "", "step": null, "ts": 1634483995.284791}]}, "version": 67}
{"obj": {"type": "LogStrings", "path": ["monitoring", "stderr"], "values": [{"value": "  File \"/Users/gregruyoga/opt/miniconda3/envs/waifu/lib/python3.9/site-packages/pytorch_lightning/core/optimizer.py\", line 206, in step\n    self.__optimizer_step(closure=closure, profiler_name=profiler_name, **kwargs)\n", "step": null, "ts": 1634483995.284828}]}, "version": 68}
{"obj": {"type": "LogStrings", "path": ["monitoring", "stderr"], "values": [{"value": "", "step": null, "ts": 1634483995.284864}]}, "version": 69}
{"obj": {"type": "LogStrings", "path": ["monitoring", "stderr"], "values": [{"value": "  File \"/Users/gregruyoga/opt/miniconda3/envs/waifu/lib/python3.9/site-packages/pytorch_lightning/core/optimizer.py\", line 128, in __optimizer_step\n    trainer.accelerator.optimizer_step(self._optimizer, self._optimizer_idx, lambda_closure=closure, **kwargs)\n", "step": null, "ts": 1634483995.284908}]}, "version": 70}
{"obj": {"type": "LogStrings", "path": ["monitoring", "stderr"], "values": [{"value": "", "step": null, "ts": 1634483995.284943}]}, "version": 71}
{"obj": {"type": "LogStrings", "path": ["monitoring", "stderr"], "values": [{"value": "  File \"/Users/gregruyoga/opt/miniconda3/envs/waifu/lib/python3.9/site-packages/pytorch_lightning/accelerators/accelerator.py\", line 296, in optimizer_step\n    self.run_optimizer_step(optimizer, opt_idx, lambda_closure, **kwargs)\n", "step": null, "ts": 1634483995.28498}]}, "version": 72}
{"obj": {"type": "LogStrings", "path": ["monitoring", "stderr"], "values": [{"value": "", "step": null, "ts": 1634483995.285015}]}, "version": 73}
{"obj": {"type": "LogStrings", "path": ["monitoring", "stderr"], "values": [{"value": "  File \"/Users/gregruyoga/opt/miniconda3/envs/waifu/lib/python3.9/site-packages/pytorch_lightning/accelerators/accelerator.py\", line 303, in run_optimizer_step\n    self.training_type_plugin.optimizer_step(optimizer, lambda_closure=lambda_closure, **kwargs)\n", "step": null, "ts": 1634483995.285055}]}, "version": 74}
{"obj": {"type": "LogStrings", "path": ["monitoring", "stderr"], "values": [{"value": "", "step": null, "ts": 1634483995.2850912}]}, "version": 75}
{"obj": {"type": "LogStrings", "path": ["monitoring", "stderr"], "values": [{"value": "  File \"/Users/gregruyoga/opt/miniconda3/envs/waifu/lib/python3.9/site-packages/pytorch_lightning/plugins/training_type/training_type_plugin.py\", line 226, in optimizer_step\n    optimizer.step(closure=lambda_closure, **kwargs)\n", "step": null, "ts": 1634483995.2851279}]}, "version": 76}
{"obj": {"type": "LogStrings", "path": ["monitoring", "stderr"], "values": [{"value": "", "step": null, "ts": 1634483995.285162}]}, "version": 77}
{"obj": {"type": "LogStrings", "path": ["monitoring", "stderr"], "values": [{"value": "  File \"/Users/gregruyoga/opt/miniconda3/envs/waifu/lib/python3.9/site-packages/torch/optim/optimizer.py\", line 88, in wrapper\n    return func(*args, **kwargs)\n", "step": null, "ts": 1634483995.2851992}]}, "version": 78}
{"obj": {"type": "LogStrings", "path": ["monitoring", "stderr"], "values": [{"value": "", "step": null, "ts": 1634483995.285237}]}, "version": 79}
{"obj": {"type": "LogStrings", "path": ["monitoring", "stderr"], "values": [{"value": "  File \"/Users/gregruyoga/opt/miniconda3/envs/waifu/lib/python3.9/site-packages/torch/autograd/grad_mode.py\", line 28, in decorate_context\n    return func(*args, **kwargs)\n", "step": null, "ts": 1634483995.285275}]}, "version": 80}
{"obj": {"type": "LogStrings", "path": ["monitoring", "stderr"], "values": [{"value": "", "step": null, "ts": 1634483995.2853088}]}, "version": 81}
{"obj": {"type": "LogStrings", "path": ["monitoring", "stderr"], "values": [{"value": "  File \"/Users/gregruyoga/opt/miniconda3/envs/waifu/lib/python3.9/site-packages/torch/optim/adam.py\", line 66, in step\n    loss = closure()\n", "step": null, "ts": 1634483995.285346}]}, "version": 82}
{"obj": {"type": "LogStrings", "path": ["monitoring", "stderr"], "values": [{"value": "", "step": null, "ts": 1634483995.285381}]}, "version": 83}
{"obj": {"type": "LogStrings", "path": ["monitoring", "stderr"], "values": [{"value": "  File \"/Users/gregruyoga/opt/miniconda3/envs/waifu/lib/python3.9/site-packages/pytorch_lightning/loops/batch/training_batch_loop.py\", line 235, in _training_step_and_backward_closure\n    result = self.training_step_and_backward(split_batch, batch_idx, opt_idx, optimizer, hiddens)\n", "step": null, "ts": 1634483995.285422}]}, "version": 84}
{"obj": {"type": "LogStrings", "path": ["monitoring", "stderr"], "values": [{"value": "", "step": null, "ts": 1634483995.285457}]}, "version": 85}
{"obj": {"type": "LogStrings", "path": ["monitoring", "stderr"], "values": [{"value": "  File \"/Users/gregruyoga/opt/miniconda3/envs/waifu/lib/python3.9/site-packages/pytorch_lightning/loops/batch/training_batch_loop.py\", line 536, in training_step_and_backward\n    result = self._training_step(split_batch, batch_idx, opt_idx, hiddens)\n", "step": null, "ts": 1634483995.285494}]}, "version": 86}
{"obj": {"type": "LogStrings", "path": ["monitoring", "stderr"], "values": [{"value": "", "step": null, "ts": 1634483995.2855291}]}, "version": 87}
{"obj": {"type": "LogStrings", "path": ["monitoring", "stderr"], "values": [{"value": "  File \"/Users/gregruyoga/opt/miniconda3/envs/waifu/lib/python3.9/site-packages/pytorch_lightning/loops/batch/training_batch_loop.py\", line 306, in _training_step\n    training_step_output = self.trainer.accelerator.training_step(step_kwargs)\n", "step": null, "ts": 1634483995.2855659}]}, "version": 88}
{"obj": {"type": "LogStrings", "path": ["monitoring", "stderr"], "values": [{"value": "", "step": null, "ts": 1634483995.2856011}]}, "version": 89}
{"obj": {"type": "LogStrings", "path": ["monitoring", "stderr"], "values": [{"value": "  File \"/Users/gregruyoga/opt/miniconda3/envs/waifu/lib/python3.9/site-packages/pytorch_lightning/accelerators/accelerator.py\", line 193, in training_step\n    return self.training_type_plugin.training_step(*step_kwargs.values())\n", "step": null, "ts": 1634483995.285641}]}, "version": 90}
{"obj": {"type": "LogStrings", "path": ["monitoring", "stderr"], "values": [{"value": "", "step": null, "ts": 1634483995.285676}]}, "version": 91}
{"obj": {"type": "LogStrings", "path": ["monitoring", "stderr"], "values": [{"value": "  File \"/Users/gregruyoga/opt/miniconda3/envs/waifu/lib/python3.9/site-packages/pytorch_lightning/plugins/training_type/training_type_plugin.py\", line 172, in training_step\n    return self.model.training_step(*args, **kwargs)\n", "step": null, "ts": 1634483995.285713}]}, "version": 92}
{"obj": {"type": "LogStrings", "path": ["monitoring", "stderr"], "values": [{"value": "", "step": null, "ts": 1634483995.285762}]}, "version": 93}
{"obj": {"type": "LogStrings", "path": ["monitoring", "stderr"], "values": [{"value": "  File \"/Users/gregruyoga/DataspellProjects/waifu/waifu/lightning/source/tasks.py\", line 42, in training_step\n    z = torch.randn(images.shape[0], self.generator.latent_dim)\n", "step": null, "ts": 1634483995.285799}]}, "version": 94}
{"obj": {"type": "LogStrings", "path": ["monitoring", "stderr"], "values": [{"value": "", "step": null, "ts": 1634483995.285834}]}, "version": 95}
{"obj": {"type": "LogStrings", "path": ["monitoring", "stderr"], "values": [{"value": "AttributeError: 'list' object has no attribute 'shape'\n", "step": null, "ts": 1634483995.285877}]}, "version": 96}
{"obj": {"type": "LogStrings", "path": ["monitoring", "stderr"], "values": [{"value": "", "step": null, "ts": 1634483995.285911}]}, "version": 97}
{"obj": {"type": "LogStrings", "path": ["monitoring", "stderr"], "values": [{"value": "\nSet the environment variable HYDRA_FULL_ERROR=1 for a complete stack trace.\n", "step": null, "ts": 1634483995.285957}]}, "version": 98}
{"obj": {"type": "LogStrings", "path": ["monitoring", "stdout"], "values": [{"value": "Shutting down background jobs, please wait a moment...\n", "step": null, "ts": 1634483995.286876}]}, "version": 99}
